<?xml version="1.0" encoding="UTF-8"?>
<!-- Generated by org.testng.reporters.JUnitReportReporter -->
<testsuite hostname="LAPTOP-7K7F20LQ" failures="0" tests="3" name="base.Demos" time="0.014" errors="0" timestamp="2023-06-23T17:40:56 IST" skipped="0">
  <testcase classname="base.Demos" name="testMethod4" time="0.001"/>
  <system-out/>
  <testcase classname="base.Demos" name="testMethod3" time="0.001"/>
  <system-out/>
  <testcase classname="base.Demos" name="testMethod2" time="0.012"/>
  <system-out/>
</testsuite> <!-- base.Demos -->
