<?xml version="1.0" encoding="UTF-8"?>
<!-- Generated by org.testng.reporters.JUnitReportReporter -->
<testsuite hostname="LAPTOP-7K7F20LQ" failures="0" tests="2" name="testcases.LoginTest" time="6.131" errors="0" timestamp="2023-06-24T18:33:09 IST" skipped="0">
  <testcase classname="testcases.LoginTest" name="loginTest" time="1.919"/>
  <testcase classname="testcases.LoginTest" name="loginTest" time="4.212"/>
</testsuite> <!-- testcases.LoginTest -->
