<?xml version="1.0" encoding="UTF-8"?>
<!-- Generated by org.testng.reporters.JUnitReportReporter -->
<testsuite hostname="LAPTOP-7K7F20LQ" failures="0" tests="8" name="testcases.LoginTest" time="27.707" errors="0" timestamp="2023-06-24T19:01:19 IST" skipped="0">
  <testcase classname="testcases.LoginTest" name="loginTest" time="1.991"/>
  <testcase classname="testcases.LoginTest" name="loginTest" time="1.986"/>
  <testcase classname="testcases.LoginTest" name="loginTest" time="7.084"/>
  <testcase classname="testcases.LoginTest" name="loginTest" time="1.966"/>
  <testcase classname="testcases.LoginTest" name="loginTest" time="7.049"/>
  <testcase classname="testcases.LoginTest" name="loginTest" time="2.104"/>
  <testcase classname="testcases.LoginTest" name="loginTest" time="3.466"/>
  <testcase classname="testcases.LoginTest" name="loginTest" time="2.061"/>
</testsuite> <!-- testcases.LoginTest -->
