<?xml version="1.0" encoding="UTF-8"?>
<!-- Generated by org.testng.reporters.JUnitReportReporter -->
<testsuite hostname="LAPTOP-7K7F20LQ" failures="0" tests="1" name="testcases.HomePageTest" time="12.298" errors="0" timestamp="2023-06-24T19:01:19 IST" skipped="0">
  <testcase classname="testcases.HomePageTest" name="Home" time="12.298"/>
</testsuite> <!-- testcases.HomePageTest -->
